2015-01-17 01:07:48 Error: Fatal Error (1): Call to undefined method PDOException::getId() in [D:\desarrollo\bienaventuranza\seap\app\Controller\CursosController.php, line 39]
2015-01-17 01:07:48 Error: [FatalErrorException] Call to undefined method PDOException::getId()
Request URL: /index.php/cursos.json
Stack Trace:
#0 D:\desarrollo\bienaventuranza\seap\lib\Cake\Error\ErrorHandler.php(203): ErrorHandler::handleFatalError(1, 'Call to undefin...', 'D:\desarrollo\b...', 39)
#1 [internal function]: ErrorHandler::handleError(1, 'Call to undefin...', 'D:\desarrollo\b...', 39, Array)
#2 D:\desarrollo\bienaventuranza\seap\lib\Cake\Core\App.php(931): call_user_func('ErrorHandler::h...', 1, 'Call to undefin...', 'D:\desarrollo\b...', 39, Array)
#3 D:\desarrollo\bienaventuranza\seap\lib\Cake\Core\App.php(904): App::_checkFatalError()
#4 [internal function]: App::shutdown()
#5 {main}
2015-01-17 01:07:52 Error: Fatal Error (1): Call to undefined method PDOException::getId() in [D:\desarrollo\bienaventuranza\seap\app\Controller\CursosController.php, line 39]
2015-01-17 01:07:52 Error: [FatalErrorException] Call to undefined method PDOException::getId()
Request URL: /index.php/cursos.json
Stack Trace:
#0 D:\desarrollo\bienaventuranza\seap\lib\Cake\Error\ErrorHandler.php(203): ErrorHandler::handleFatalError(1, 'Call to undefin...', 'D:\desarrollo\b...', 39)
#1 [internal function]: ErrorHandler::handleError(1, 'Call to undefin...', 'D:\desarrollo\b...', 39, Array)
#2 D:\desarrollo\bienaventuranza\seap\lib\Cake\Core\App.php(931): call_user_func('ErrorHandler::h...', 1, 'Call to undefin...', 'D:\desarrollo\b...', 39, Array)
#3 D:\desarrollo\bienaventuranza\seap\lib\Cake\Core\App.php(904): App::_checkFatalError()
#4 [internal function]: App::shutdown()
#5 {main}
2015-01-17 01:25:22 Error: [PDOException] SQLSTATE[23503]: Foreign key violation: 7 ERROR:  update o delete en «cursos» viola la llave foránea «inscritos_curso_id_fkey» en la tabla «inscritos»
DETAIL:  La llave (id)=(54b9aad4-5ea4-46e7-9bd1-26e8afb6fe0b) todavía es referida desde la tabla «inscritos».
Request URL: /index.php/cursos/54b9aad4-5ea4-46e7-9bd1-26e8afb6fe0b.json?accion=delete
Stack Trace:
#0 D:\desarrollo\bienaventuranza\seap\lib\Cake\Model\Datasource\DboSource.php(458): PDOStatement->execute(Array)
#1 D:\desarrollo\bienaventuranza\seap\lib\Cake\Model\Datasource\DboSource.php(424): DboSource->_execute('DELETE  FROM "p...', Array)
#2 D:\desarrollo\bienaventuranza\seap\lib\Cake\Model\Datasource\DboSource.php(2093): DboSource->execute('DELETE  FROM "p...')
#3 D:\desarrollo\bienaventuranza\seap\lib\Cake\Model\Model.php(2634): DboSource->delete(Object(Curso), Array)
#4 D:\desarrollo\bienaventuranza\seap\app\Controller\CursosController.php(75): Model->delete('54b9aad4-5ea4-4...')
#5 D:\desarrollo\bienaventuranza\seap\app\Controller\CursosController.php(54): CursosController->delete('54b9aad4-5ea4-4...')
#6 [internal function]: CursosController->accion('54b9aad4-5ea4-4...')
#7 D:\desarrollo\bienaventuranza\seap\lib\Cake\Controller\Controller.php(490): ReflectionMethod->invokeArgs(Object(CursosController), Array)
#8 D:\desarrollo\bienaventuranza\seap\lib\Cake\Routing\Dispatcher.php(191): Controller->invokeAction(Object(CakeRequest))
#9 D:\desarrollo\bienaventuranza\seap\lib\Cake\Routing\Dispatcher.php(165): Dispatcher->_invoke(Object(CursosController), Object(CakeRequest))
#10 D:\desarrollo\bienaventuranza\seap\app\webroot\index.php(108): Dispatcher->dispatch(Object(CakeRequest), Object(CakeResponse))
#11 D:\desarrollo\bienaventuranza\seap\index.php(41): require('D:\desarrollo\b...')
#12 {main}
2015-01-17 01:25:44 Error: [PDOException] SQLSTATE[23503]: Foreign key violation: 7 ERROR:  update o delete en «cursos» viola la llave foránea «inscritos_curso_id_fkey» en la tabla «inscritos»
DETAIL:  La llave (id)=(54b9aad4-5ea4-46e7-9bd1-26e8afb6fe0b) todavía es referida desde la tabla «inscritos».
Request URL: /index.php/cursos/54b9aad4-5ea4-46e7-9bd1-26e8afb6fe0b.json?accion=delete
Stack Trace:
#0 D:\desarrollo\bienaventuranza\seap\lib\Cake\Model\Datasource\DboSource.php(458): PDOStatement->execute(Array)
#1 D:\desarrollo\bienaventuranza\seap\lib\Cake\Model\Datasource\DboSource.php(424): DboSource->_execute('DELETE  FROM "p...', Array)
#2 D:\desarrollo\bienaventuranza\seap\lib\Cake\Model\Datasource\DboSource.php(2093): DboSource->execute('DELETE  FROM "p...')
#3 D:\desarrollo\bienaventuranza\seap\lib\Cake\Model\Model.php(2634): DboSource->delete(Object(Curso), Array)
#4 D:\desarrollo\bienaventuranza\seap\app\Controller\CursosController.php(75): Model->delete('54b9aad4-5ea4-4...')
#5 D:\desarrollo\bienaventuranza\seap\app\Controller\CursosController.php(54): CursosController->delete('54b9aad4-5ea4-4...')
#6 [internal function]: CursosController->accion('54b9aad4-5ea4-4...')
#7 D:\desarrollo\bienaventuranza\seap\lib\Cake\Controller\Controller.php(490): ReflectionMethod->invokeArgs(Object(CursosController), Array)
#8 D:\desarrollo\bienaventuranza\seap\lib\Cake\Routing\Dispatcher.php(191): Controller->invokeAction(Object(CakeRequest))
#9 D:\desarrollo\bienaventuranza\seap\lib\Cake\Routing\Dispatcher.php(165): Dispatcher->_invoke(Object(CursosController), Object(CakeRequest))
#10 D:\desarrollo\bienaventuranza\seap\app\webroot\index.php(108): Dispatcher->dispatch(Object(CakeRequest), Object(CakeResponse))
#11 D:\desarrollo\bienaventuranza\seap\index.php(41): require('D:\desarrollo\b...')
#12 {main}
2015-01-17 01:40:11 Error: [MissingActionException] Action CursosController::index() could not be found.
Exception Attributes: array (
  'controller' => 'CursosController',
  'action' => 'index',
)
Request URL: /index.php/cursos.json?docente_id=5456c93b-d6d4-451e-b861-4c77afb6fe0b&gestion_id=2014
Stack Trace:
#0 D:\desarrollo\bienaventuranza\seap\lib\Cake\Routing\Dispatcher.php(191): Controller->invokeAction(Object(CakeRequest))
#1 D:\desarrollo\bienaventuranza\seap\lib\Cake\Routing\Dispatcher.php(165): Dispatcher->_invoke(Object(CursosController), Object(CakeRequest))
#2 D:\desarrollo\bienaventuranza\seap\app\webroot\index.php(108): Dispatcher->dispatch(Object(CakeRequest), Object(CakeResponse))
#3 D:\desarrollo\bienaventuranza\seap\index.php(41): require('D:\desarrollo\b...')
#4 {main}
2015-01-17 01:40:11 Error: [MissingActionException] Action CursosController::index() could not be found.
Exception Attributes: array (
  'controller' => 'CursosController',
  'action' => 'index',
)
Request URL: /index.php/cursos.json?docente_id=5456c93b-d6d4-451e-b861-4c77afb6fe0b&gestion_id=2014
Stack Trace:
#0 D:\desarrollo\bienaventuranza\seap\lib\Cake\Routing\Dispatcher.php(191): Controller->invokeAction(Object(CakeRequest))
#1 D:\desarrollo\bienaventuranza\seap\lib\Cake\Routing\Dispatcher.php(165): Dispatcher->_invoke(Object(CursosController), Object(CakeRequest))
#2 D:\desarrollo\bienaventuranza\seap\app\webroot\index.php(108): Dispatcher->dispatch(Object(CakeRequest), Object(CakeResponse))
#3 D:\desarrollo\bienaventuranza\seap\index.php(41): require('D:\desarrollo\b...')
#4 {main}
2015-01-19 21:42:00 Error: [MissingActionException] Action CursosController::index() could not be found.
Exception Attributes: array (
  'controller' => 'CursosController',
  'action' => 'index',
)
Request URL: /index.php/cursos.json?accion=&curso_id=54b9aad4-5ea4-46e7-9bd1-26e8afb6fe0b&query_id=126
Stack Trace:
#0 D:\desarrollo\bienaventuranza\seap\lib\Cake\Routing\Dispatcher.php(191): Controller->invokeAction(Object(CakeRequest))
#1 D:\desarrollo\bienaventuranza\seap\lib\Cake\Routing\Dispatcher.php(165): Dispatcher->_invoke(Object(CursosController), Object(CakeRequest))
#2 D:\desarrollo\bienaventuranza\seap\app\webroot\index.php(108): Dispatcher->dispatch(Object(CakeRequest), Object(CakeResponse))
#3 D:\desarrollo\bienaventuranza\seap\index.php(41): require('D:\desarrollo\b...')
#4 {main}
2015-01-19 21:42:01 Error: [MissingActionException] Action CursosController::index() could not be found.
Exception Attributes: array (
  'controller' => 'CursosController',
  'action' => 'index',
)
Request URL: /index.php/cursos.json?accion=&curso_id=54b9aad4-5ea4-46e7-9bd1-26e8afb6fe0b&query_id=126
Stack Trace:
#0 D:\desarrollo\bienaventuranza\seap\lib\Cake\Routing\Dispatcher.php(191): Controller->invokeAction(Object(CakeRequest))
#1 D:\desarrollo\bienaventuranza\seap\lib\Cake\Routing\Dispatcher.php(165): Dispatcher->_invoke(Object(CursosController), Object(CakeRequest))
#2 D:\desarrollo\bienaventuranza\seap\app\webroot\index.php(108): Dispatcher->dispatch(Object(CakeRequest), Object(CakeResponse))
#3 D:\desarrollo\bienaventuranza\seap\index.php(41): require('D:\desarrollo\b...')
#4 {main}
2015-01-19 21:42:20 Error: [MissingActionException] Action CursosController::index() could not be found.
Exception Attributes: array (
  'controller' => 'CursosController',
  'action' => 'index',
)
Request URL: /index.php/cursos.json?accion=&curso_id=54b9aad4-5ea4-46e7-9bd1-26e8afb6fe0b&query_id=126
Stack Trace:
#0 D:\desarrollo\bienaventuranza\seap\lib\Cake\Routing\Dispatcher.php(191): Controller->invokeAction(Object(CakeRequest))
#1 D:\desarrollo\bienaventuranza\seap\lib\Cake\Routing\Dispatcher.php(165): Dispatcher->_invoke(Object(CursosController), Object(CakeRequest))
#2 D:\desarrollo\bienaventuranza\seap\app\webroot\index.php(108): Dispatcher->dispatch(Object(CakeRequest), Object(CakeResponse))
#3 D:\desarrollo\bienaventuranza\seap\index.php(41): require('D:\desarrollo\b...')
#4 {main}
